TN:
SF:D:\FullStack_web3_32Hrs\hardhat-smartcontract-lottery\contracts\lottery.sol
FN:54,constructor
FN:65,enterLottery
FN:77,checkUpkeep
FN:95,performUpkeep
FN:118,fulfillRandomWords
FN:136,getEntranceFee
FN:140,getPlayerAt
FN:144,getRecentWinner
FN:148,getLotteryState
FN:152,getNumWords
FN:156,getNumberOfPlayers
FN:160,getLatestTimeStamp
FN:164,getRequestConfirmations
FN:168,getInterval
FNF:14
FNH:8
FNDA:3,constructor
FNDA:5,enterLottery
FNDA:1,checkUpkeep
FNDA:1,performUpkeep
FNDA:0,fulfillRandomWords
FNDA:5,getEntranceFee
FNDA:1,getPlayerAt
FNDA:0,getRecentWinner
FNDA:1,getLotteryState
FNDA:0,getNumWords
FNDA:0,getNumberOfPlayers
FNDA:0,getLatestTimeStamp
FNDA:0,getRequestConfirmations
FNDA:5,getInterval
DA:55,3
DA:56,3
DA:57,3
DA:58,3
DA:59,3
DA:60,3
DA:61,3
DA:62,3
DA:66,5
DA:67,1
DA:70,4
DA:71,1
DA:73,3
DA:74,3
DA:88,1
DA:89,1
DA:90,1
DA:91,1
DA:92,1
DA:98,1
DA:99,1
DA:100,0
DA:106,1
DA:108,1
DA:115,1
DA:122,0
DA:123,0
DA:124,0
DA:125,0
DA:126,0
DA:127,0
DA:128,0
DA:129,0
DA:130,0
DA:132,0
DA:137,5
DA:141,1
DA:145,0
DA:149,1
DA:153,0
DA:157,0
DA:161,0
DA:165,0
DA:169,5
LF:44
LH:28
BRDA:66,1,0,1
BRDA:66,1,1,4
BRDA:70,2,0,1
BRDA:70,2,1,3
BRDA:99,3,0,0
BRDA:99,3,1,1
BRDA:129,4,0,0
BRDA:129,4,1,0
BRF:8
BRH:5
end_of_record
TN:
SF:D:\FullStack_web3_32Hrs\hardhat-smartcontract-lottery\contracts\test\VRFCoordinatorV2Mock.sol
FNF:0
FNH:0
LF:0
LH:0
BRF:0
BRH:0
end_of_record
